  amo.cpp
C:\Users\DELL\source\repos\gameSDLdemo\gameSDLdemo\common_function.h(5,9): fatal error C1083: Cannot open include file: 'SDL.h': No such file or directory
  base_Object.cpp
C:\Users\DELL\source\repos\gameSDLdemo\gameSDLdemo\common_function.h(5,9): fatal error C1083: Cannot open include file: 'SDL.h': No such file or directory
  common_function.cpp
C:\Users\DELL\source\repos\gameSDLdemo\gameSDLdemo\common_function.h(5,9): fatal error C1083: Cannot open include file: 'SDL.h': No such file or directory
  Explosion_Object.cpp
C:\Users\DELL\source\repos\gameSDLdemo\gameSDLdemo\common_function.h(5,9): fatal error C1083: Cannot open include file: 'SDL.h': No such file or directory
  main.cpp
C:\Users\DELL\source\repos\gameSDLdemo\gameSDLdemo\common_function.h(5,9): fatal error C1083: Cannot open include file: 'SDL.h': No such file or directory
  main_Object.cpp
C:\Users\DELL\source\repos\gameSDLdemo\gameSDLdemo\common_function.h(5,9): fatal error C1083: Cannot open include file: 'SDL.h': No such file or directory
  player_number.cpp
C:\Users\DELL\source\repos\gameSDLdemo\gameSDLdemo\common_function.h(5,9): fatal error C1083: Cannot open include file: 'SDL.h': No such file or directory
  test.cpp
C:\Users\DELL\source\repos\gameSDLdemo\gameSDLdemo\test.cpp(2,9): fatal error C1083: Cannot open include file: 'SDL.h': No such file or directory
  text_object.cpp
C:\Users\DELL\source\repos\gameSDLdemo\gameSDLdemo\common_function.h(5,9): fatal error C1083: Cannot open include file: 'SDL.h': No such file or directory
  threats_object.cpp
C:\Users\DELL\source\repos\gameSDLdemo\gameSDLdemo\common_function.h(5,9): fatal error C1083: Cannot open include file: 'SDL.h': No such file or directory
  Generating Code...
